<?xml version="1.0" encoding="UTF-8"?>
<!-- Generated by org.testng.reporters.JUnitReportReporter -->
<testsuite skipped="0" hostname="QT-INBG-LT0302" name="com.selenium.test.HomePageTest" tests="1" failures="0" timestamp="3 Feb 2020 06:32:45 GMT" time="1.951" errors="0">
  <testcase name="homepageTests" time="1.951" classname="com.selenium.test.HomePageTest"/>
</testsuite> <!-- com.selenium.test.HomePageTest -->
